Added Pin To Net: NetName=+3.3 Pin=C18-2
Added Pin To Net: NetName=+3.3 Pin=C19-1
Added Pin To Net: NetName=+3.3 Pin=J2-10
Added Net: Name=+3.3
Added Pin To Net: NetName=+12 Pin=C4-2
Added Pin To Net: NetName=+12 Pin=C20-2
Added Pin To Net: NetName=+12 Pin=C21-2
Added Pin To Net: NetName=+12 Pin=C22-2
Added Pin To Net: NetName=+12 Pin=C23-2
Added Pin To Net: NetName=+12 Pin=C24-2
Added Pin To Net: NetName=+12 Pin=C25-2
Added Pin To Net: NetName=+12 Pin=C26-2
Added Pin To Net: NetName=+12 Pin=C27-2
Added Pin To Net: NetName=+12 Pin=C28-2
Added Pin To Net: NetName=+12 Pin=C29-2
Added Pin To Net: NetName=+12 Pin=D1-1
Added Pin To Net: NetName=+12 Pin=J1-2
Added Pin To Net: NetName=+12 Pin=U3-2
Added Pin To Net: NetName=+12 Pin=U3-3
Added Pin To Net: NetName=+12 Pin=U4-5
Added Pin To Net: NetName=+12 Pin=U5-5
Added Pin To Net: NetName=+12 Pin=U6-1
Added Pin To Net: NetName=+12 Pin=U6-7
Added Pin To Net: NetName=+12 Pin=U6-8
Added Pin To Net: NetName=+12 Pin=U6-14
Added Pin To Net: NetName=+12 Pin=U7-1
Added Pin To Net: NetName=+12 Pin=U7-7
Added Pin To Net: NetName=+12 Pin=U7-8
Added Pin To Net: NetName=+12 Pin=U7-14
Added Net: Name=+12
Added Pin To Net: NetName=GND Pin=C1-2
Added Pin To Net: NetName=GND Pin=C2-2
Added Pin To Net: NetName=GND Pin=C3-2
Added Pin To Net: NetName=GND Pin=C4-1
Added Pin To Net: NetName=GND Pin=C5-2
Added Pin To Net: NetName=GND Pin=C6-1
Added Pin To Net: NetName=GND Pin=C7-1
Added Pin To Net: NetName=GND Pin=C8-1
Added Pin To Net: NetName=GND Pin=C9-1
Added Pin To Net: NetName=GND Pin=C11-1
Added Pin To Net: NetName=GND Pin=C12-1
Added Pin To Net: NetName=GND Pin=C13-1
Added Pin To Net: NetName=GND Pin=C14-2
Added Pin To Net: NetName=GND Pin=C15-2
Added Pin To Net: NetName=GND Pin=C16-2
Added Pin To Net: NetName=GND Pin=C17-2
Added Pin To Net: NetName=GND Pin=C18-1
Added Pin To Net: NetName=GND Pin=C19-2
Added Pin To Net: NetName=GND Pin=C20-1
Added Pin To Net: NetName=GND Pin=C21-1
Added Pin To Net: NetName=GND Pin=C22-1
Added Pin To Net: NetName=GND Pin=C23-1
Added Pin To Net: NetName=GND Pin=C24-1
Added Pin To Net: NetName=GND Pin=C25-1
Added Pin To Net: NetName=GND Pin=C26-1
Added Pin To Net: NetName=GND Pin=C27-1
Added Pin To Net: NetName=GND Pin=C28-1
Added Pin To Net: NetName=GND Pin=C29-1
Added Pin To Net: NetName=GND Pin=D1-2
Added Pin To Net: NetName=GND Pin=J1-3
Added Pin To Net: NetName=GND Pin=J2-9
Added Pin To Net: NetName=GND Pin=K1-2
Added Pin To Net: NetName=GND Pin=K2-2
Added Pin To Net: NetName=GND Pin=K3-2
Added Pin To Net: NetName=GND Pin=P1-3
Added Pin To Net: NetName=GND Pin=P1-5
Added Pin To Net: NetName=GND Pin=P1-9
Added Pin To Net: NetName=GND Pin=R2-2
Added Pin To Net: NetName=GND Pin=R5-2
Added Pin To Net: NetName=GND Pin=R6-2
Added Pin To Net: NetName=GND Pin=SW1-3
Added Pin To Net: NetName=GND Pin=SW1-4
Added Pin To Net: NetName=GND Pin=U1-10
Added Pin To Net: NetName=GND Pin=U1-20
Added Pin To Net: NetName=GND Pin=U1-27
Added Pin To Net: NetName=GND Pin=U1-74
Added Pin To Net: NetName=GND Pin=U1-99
Added Pin To Net: NetName=GND Pin=U2-2
Added Pin To Net: NetName=GND Pin=U3-1
Added Pin To Net: NetName=GND Pin=U3-4
Added Pin To Net: NetName=GND Pin=U3-5
Added Pin To Net: NetName=GND Pin=U3-8
Added Pin To Net: NetName=GND Pin=U3-9
Added Pin To Net: NetName=GND Pin=U4-2
Added Pin To Net: NetName=GND Pin=U5-2
Added Pin To Net: NetName=GND Pin=U6-2
Added Pin To Net: NetName=GND Pin=U7-2
Added Net: Name=GND
Added Pin To Net: NetName=NetC1_1 Pin=C1-1
Added Pin To Net: NetName=NetC1_1 Pin=SW1-2
Added Pin To Net: NetName=NetC1_1 Pin=U1-14
Added Net: Name=NetC1_1
Added Pin To Net: NetName=NetC2_1 Pin=C2-1
Added Pin To Net: NetName=NetC2_1 Pin=U1-49
Added Net: Name=NetC2_1
Added Pin To Net: NetName=NetC3_1 Pin=C3-1
Added Pin To Net: NetName=NetC3_1 Pin=U1-73
Added Net: Name=NetC3_1
Added Pin To Net: NetName=NetC7_2 Pin=C7-2
Added Pin To Net: NetName=NetC7_2 Pin=C10-1
Added Net: Name=NetC7_2
Added Pin To Net: NetName=NetH1_1 Pin=H1-1
Added Pin To Net: NetName=NetH1_1 Pin=R1-2
Added Net: Name=NetH1_1
Added Pin To Net: NetName=NetH1_2 Pin=H1-2
Added Pin To Net: NetName=NetH1_2 Pin=J1-5
Added Pin To Net: NetName=NetH1_2 Pin=U2-6
Added Net: Name=NetH1_2
Added Pin To Net: NetName=NetJ1_4 Pin=J1-4
Added Pin To Net: NetName=NetJ1_4 Pin=R1-1
Added Pin To Net: NetName=NetJ1_4 Pin=U2-7
Added Net: Name=NetJ1_4
Added Pin To Net: NetName=NetJ2_1 Pin=J2-1
Added Pin To Net: NetName=NetJ2_1 Pin=U1-33
Added Net: Name=NetJ2_1
Added Pin To Net: NetName=NetJ2_2 Pin=J2-2
Added Pin To Net: NetName=NetJ2_2 Pin=U1-34
Added Net: Name=NetJ2_2
Added Pin To Net: NetName=NetJ2_3 Pin=J2-3
Added Pin To Net: NetName=NetJ2_3 Pin=R4-1
Added Pin To Net: NetName=NetJ2_3 Pin=U5-1
Added Net: Name=NetJ2_3
Added Pin To Net: NetName=NetJ2_4 Pin=J2-4
Added Pin To Net: NetName=NetJ2_4 Pin=R3-1
Added Pin To Net: NetName=NetJ2_4 Pin=U4-1
Added Net: Name=NetJ2_4
Added Pin To Net: NetName=NetJ2_5 Pin=J2-5
Added Pin To Net: NetName=NetJ2_5 Pin=U7-12
Added Pin To Net: NetName=NetJ2_5 Pin=U7-13
Added Net: Name=NetJ2_5
Added Pin To Net: NetName=NetJ2_6 Pin=J2-6
Added Pin To Net: NetName=NetJ2_6 Pin=U7-9
Added Pin To Net: NetName=NetJ2_6 Pin=U7-10
Added Net: Name=NetJ2_6
Added Pin To Net: NetName=NetJ2_7 Pin=J2-7
Added Pin To Net: NetName=NetJ2_7 Pin=U6-9
Added Pin To Net: NetName=NetJ2_7 Pin=U6-10
Added Net: Name=NetJ2_7
Added Pin To Net: NetName=NetJ2_8 Pin=J2-8
Added Pin To Net: NetName=NetJ2_8 Pin=U6-12
Added Pin To Net: NetName=NetJ2_8 Pin=U6-13
Added Net: Name=NetJ2_8
Added Pin To Net: NetName=NetJ3_1 Pin=J3-1
Added Pin To Net: NetName=NetJ3_1 Pin=K1-4
Added Net: Name=NetJ3_1
Added Pin To Net: NetName=NetJ3_2 Pin=J3-2
Added Pin To Net: NetName=NetJ3_2 Pin=K1-3
Added Net: Name=NetJ3_2
Added Pin To Net: NetName=NetJ3_3 Pin=J3-3
Added Pin To Net: NetName=NetJ3_3 Pin=K2-4
Added Net: Name=NetJ3_3
Added Pin To Net: NetName=NetJ3_4 Pin=J3-4
Added Pin To Net: NetName=NetJ3_4 Pin=K2-3
Added Net: Name=NetJ3_4
Added Pin To Net: NetName=NetJ3_5 Pin=J3-5
Added Pin To Net: NetName=NetJ3_5 Pin=K3-4
Added Net: Name=NetJ3_5
Added Pin To Net: NetName=NetJ3_6 Pin=J3-6
Added Pin To Net: NetName=NetJ3_6 Pin=K3-3
Added Net: Name=NetJ3_6
Added Pin To Net: NetName=NetJ3_7 Pin=J3-7
Added Pin To Net: NetName=NetJ3_7 Pin=U1-81
Added Net: Name=NetJ3_7
Added Pin To Net: NetName=NetK1_1 Pin=K1-1
Added Pin To Net: NetName=NetK1_1 Pin=R7-2
Added Net: Name=NetK1_1
Added Pin To Net: NetName=NetK2_1 Pin=K2-1
Added Pin To Net: NetName=NetK2_1 Pin=R8-2
Added Net: Name=NetK2_1
Added Pin To Net: NetName=NetK3_1 Pin=K3-1
Added Pin To Net: NetName=NetK3_1 Pin=R9-2
Added Net: Name=NetK3_1
Added Pin To Net: NetName=NetL1_1 Pin=L1-1
Added Pin To Net: NetName=NetL1_1 Pin=U3-7
Added Net: Name=NetL1_1
Added Pin To Net: NetName=NetP1_2 Pin=P1-2
Added Pin To Net: NetName=NetP1_2 Pin=U1-72
Added Net: Name=NetP1_2
Added Pin To Net: NetName=NetP1_4 Pin=P1-4
Added Pin To Net: NetName=NetP1_4 Pin=U1-76
Added Net: Name=NetP1_4
Added Pin To Net: NetName=NetP1_6 Pin=P1-6
Added Pin To Net: NetName=NetP1_6 Pin=U1-89
Added Net: Name=NetP1_6
Added Pin To Net: NetName=NetP1_10 Pin=P1-10
Added Pin To Net: NetName=NetP1_10 Pin=SW1-1
Added Net: Name=NetP1_10
Added Pin To Net: NetName=NetR2_1 Pin=R2-1
Added Pin To Net: NetName=NetR2_1 Pin=U2-8
Added Net: Name=NetR2_1
Added Pin To Net: NetName=NetR3_2 Pin=R3-2
Added Pin To Net: NetName=NetR3_2 Pin=R5-1
Added Pin To Net: NetName=NetR3_2 Pin=U4-4
Added Net: Name=NetR3_2
Added Pin To Net: NetName=NetR4_2 Pin=R4-2
Added Pin To Net: NetName=NetR4_2 Pin=R6-1
Added Pin To Net: NetName=NetR4_2 Pin=U5-4
Added Net: Name=NetR4_2
Added Pin To Net: NetName=NetR7_1 Pin=R7-1
Added Pin To Net: NetName=NetR7_1 Pin=U1-58
Added Net: Name=NetR7_1
Added Pin To Net: NetName=NetR8_1 Pin=R8-1
Added Pin To Net: NetName=NetR8_1 Pin=U1-54
Added Net: Name=NetR8_1
Added Pin To Net: NetName=NetR9_1 Pin=R9-1
Added Pin To Net: NetName=NetR9_1 Pin=U1-55
Added Net: Name=NetR9_1
Added Pin To Net: NetName=NetU1_29 Pin=U1-29
Added Pin To Net: NetName=NetU1_29 Pin=U4-3
Added Net: Name=NetU1_29
Added Pin To Net: NetName=NetU1_30 Pin=U1-30
Added Pin To Net: NetName=NetU1_30 Pin=U5-3
Added Net: Name=NetU1_30
Added Pin To Net: NetName=NetU1_62 Pin=U1-62
Added Pin To Net: NetName=NetU1_62 Pin=U6-5
Added Net: Name=NetU1_62
Added Pin To Net: NetName=NetU1_70 Pin=U1-70
Added Pin To Net: NetName=NetU1_70 Pin=U2-4
Added Net: Name=NetU1_70
Added Pin To Net: NetName=NetU1_71 Pin=U1-71
Added Pin To Net: NetName=NetU1_71 Pin=U2-1
Added Net: Name=NetU1_71
Added Pin To Net: NetName=NetU1_84 Pin=U1-84
Added Pin To Net: NetName=NetU1_84 Pin=U6-3
Added Net: Name=NetU1_84
Added Pin To Net: NetName=NetU1_92 Pin=U1-92
Added Pin To Net: NetName=NetU1_92 Pin=U7-3
Added Net: Name=NetU1_92
Added Pin To Net: NetName=NetU1_95 Pin=U1-95
Added Pin To Net: NetName=NetU1_95 Pin=U7-5
Added Net: Name=NetU1_95
Added Pin To Net: NetName=VCC Pin=C5-1
Added Pin To Net: NetName=VCC Pin=C6-2
Added Pin To Net: NetName=VCC Pin=C8-2
Added Pin To Net: NetName=VCC Pin=C9-2
Added Pin To Net: NetName=VCC Pin=C10-2
Added Pin To Net: NetName=VCC Pin=C11-2
Added Pin To Net: NetName=VCC Pin=C12-2
Added Pin To Net: NetName=VCC Pin=C13-2
Added Pin To Net: NetName=VCC Pin=C14-1
Added Pin To Net: NetName=VCC Pin=C15-1
Added Pin To Net: NetName=VCC Pin=C16-1
Added Pin To Net: NetName=VCC Pin=C17-1
Added Pin To Net: NetName=VCC Pin=L1-2
Added Pin To Net: NetName=VCC Pin=P1-1
Added Pin To Net: NetName=VCC Pin=U1-6
Added Pin To Net: NetName=VCC Pin=U1-11
Added Pin To Net: NetName=VCC Pin=U1-19
Added Pin To Net: NetName=VCC Pin=U1-21
Added Pin To Net: NetName=VCC Pin=U1-22
Added Pin To Net: NetName=VCC Pin=U1-28
Added Pin To Net: NetName=VCC Pin=U1-50
Added Pin To Net: NetName=VCC Pin=U1-75
Added Pin To Net: NetName=VCC Pin=U1-100
Added Pin To Net: NetName=VCC Pin=U2-3
Added Pin To Net: NetName=VCC Pin=U3-6
Added Net: Name=VCC
Added Class: Name=CAN
Added Class: Name=Connector
Added Class: Name=ICs
Added Class: Name=Microcontroller
Added Class: Name=PowerSupply
Added Class: Name=Power
